<?xml version="1.0" encoding="UTF-8"?>
<!-- Generated by org.testng.reporters.JUnitXMLReporter -->
<testsuite hostname="sopansa-w7" name="Regression Test Suite" tests="12" failures="5" timestamp="16 Jun 2016 08:49:05 GMT" time="147.617" errors="0">
  <testcase name="loginTest" time="10.943" classname="com.cybage.alm.test.TestSuite2"/>
  <testcase name="loginTest" time="10.53" classname="com.cybage.alm.test.TestSuite2"/>
  <testcase name="loginTest" time="9.235" classname="com.cybage.alm.test.TestSuite2">
    <failure type="java.lang.AssertionError" message="expected [SIGN-ON] but found [SIGN-OFF]">
      <![CDATA[java.lang.AssertionError: expected [SIGN-ON] but found [SIGN-OFF]
	at com.cybage.alm.pages.LoginPage.signin(LoginPage.java:18)
	at com.cybage.alm.test.TestSuite2.loginTest(TestSuite2.java:22)
... Removed 33 stack frames]]>
    </failure>
  </testcase> <!-- loginTest -->
  <testcase name="loginTest" time="11.367" classname="com.cybage.alm.test.TestSuite2">
    <failure type="java.lang.AssertionError" message="expected [SIGN-ON] but found [SIGN-OFF]">
      <![CDATA[java.lang.AssertionError: expected [SIGN-ON] but found [SIGN-OFF]
	at com.cybage.alm.pages.LoginPage.signin(LoginPage.java:18)
	at com.cybage.alm.test.TestSuite2.loginTest(TestSuite2.java:22)
... Removed 33 stack frames]]>
    </failure>
  </testcase> <!-- loginTest -->
  <testcase name="loginTest" time="9.735" classname="com.cybage.alm.test.TestSuite2">
    <failure type="java.lang.AssertionError" message="expected [SIGN-ON] but found [SIGN-OFF]">
      <![CDATA[java.lang.AssertionError: expected [SIGN-ON] but found [SIGN-OFF]
	at com.cybage.alm.pages.LoginPage.signin(LoginPage.java:18)
	at com.cybage.alm.test.TestSuite2.loginTest(TestSuite2.java:22)
... Removed 33 stack frames]]>
    </failure>
  </testcase> <!-- loginTest -->
  <testcase name="loginTest" time="10.901" classname="com.cybage.alm.test.TestSuite2">
    <failure type="java.lang.AssertionError" message="expected [SIGN-ON] but found [SIGN-OFF]">
      <![CDATA[java.lang.AssertionError: expected [SIGN-ON] but found [SIGN-OFF]
	at com.cybage.alm.pages.LoginPage.signin(LoginPage.java:18)
	at com.cybage.alm.test.TestSuite2.loginTest(TestSuite2.java:22)
... Removed 33 stack frames]]>
    </failure>
  </testcase> <!-- loginTest -->
  <testcase name="loginTest" time="10.202" classname="com.cybage.alm.test.TestSuite2">
    <failure type="java.lang.AssertionError" message="expected [SIGN-ON] but found [SIGN-OFF]">
      <![CDATA[java.lang.AssertionError: expected [SIGN-ON] but found [SIGN-OFF]
	at com.cybage.alm.pages.LoginPage.signin(LoginPage.java:18)
	at com.cybage.alm.test.TestSuite2.loginTest(TestSuite2.java:22)
... Removed 33 stack frames]]>
    </failure>
  </testcase> <!-- loginTest -->
  <testcase name="loginTest" time="11.549" classname="com.cybage.alm.test.TestSuite2"/>
  <testcase name="registerTest" time="18.502" classname="com.cybage.alm.test.TestSuite2"/>
  <testcase name="registerTest" time="17.662" classname="com.cybage.alm.test.TestSuite2"/>
  <testcase name="registerTest" time="15.724" classname="com.cybage.alm.test.TestSuite2"/>
  <testcase name="registerTest" time="10.882" classname="com.cybage.alm.test.TestSuite2"/>
</testsuite> <!-- Regression Test Suite -->
