<!DOCTYPE html PUBLIC "-//W3C//DTD XHTML 1.1//EN" "http://www.w3.org/TR/xhtml11/DTD/xhtml11.dtd">
<html xmlns="http://www.w3.org/1999/xhtml"><head><title>TestNG Report</title><style type="text/css">table {margin-bottom:10px;border-collapse:collapse;empty-cells:show}th,td {border:1px solid #009;padding:.25em .5em}th {vertical-align:bottom}td {vertical-align:top}table a {font-weight:bold}.stripe td {background-color: #E6EBF9}.num {text-align:right}.passedodd td {background-color: #3F3}.passedeven td {background-color: #0A0}.skippedodd td {background-color: #DDD}.skippedeven td {background-color: #CCC}.failedodd td,.attn {background-color: #F33}.failedeven td,.stripe .attn {background-color: #D00}.stacktrace {white-space:pre;font-family:monospace}.totop {font-size:85%;text-align:center;border-bottom:2px solid #000}</style></head><body><table><tr><th>Test</th><th># Passed</th><th># Skipped</th><th># Failed</th><th>Time (ms)</th><th>Included Groups</th><th>Excluded Groups</th></tr><tr><th colspan="7">Suite1</th></tr><tr><td><a href="#t0">Regression Test Suite</a></td><td class="num">7</td><td class="num">0</td><td class="num attn">5</td><td class="num">147,617</td><td></td><td></td></tr></table><table><thead><tr><th>Class</th><th>Method</th><th>Start</th><th>Time (ms)</th></tr></thead><tbody><tr><th colspan="4">Suite1</th></tr></tbody><tbody id="t0"><tr><th colspan="4">Regression Test Suite &#8212; failed</th></tr><tr class="failedeven"><td rowspan="5">com.cybage.alm.test.TestSuite2</td><td><a href="#m0">loginTest</a></td><td rowspan="5">1466066860875</td><td rowspan="5">10202</td></tr><tr class="failedeven"><td><a href="#m1">loginTest</a></td></tr><tr class="failedeven"><td><a href="#m2">loginTest</a></td></tr><tr class="failedeven"><td><a href="#m3">loginTest</a></td></tr><tr class="failedeven"><td><a href="#m4">loginTest</a></td></tr><tr><th colspan="4">Regression Test Suite &#8212; passed</th></tr><tr class="passedeven"><td rowspan="7">com.cybage.alm.test.TestSuite2</td><td><a href="#m5">loginTest</a></td><td rowspan="3">1466066809099</td><td rowspan="3">10530</td></tr><tr class="passedeven"><td><a href="#m6">loginTest</a></td></tr><tr class="passedeven"><td><a href="#m7">loginTest</a></td></tr><tr class="passedeven"><td><a href="#m8">registerTest</a></td><td rowspan="4">1466066901165</td><td rowspan="4">17662</td></tr><tr class="passedeven"><td><a href="#m9">registerTest</a></td></tr><tr class="passedeven"><td><a href="#m10">registerTest</a></td></tr><tr class="passedeven"><td><a href="#m11">registerTest</a></td></tr></tbody></table><h2>Regression Test Suite</h2><h3 id="m0">com.cybage.alm.test.TestSuite2#loginTest</h3><table class="result"><tr class="param"><th>Parameter #1</th></tr><tr class="param stripe"><td>com.cybage.alm.data.LoginData@2f9a01c1</td></tr><tr><th>Exception</th></tr><tr><td><div class="stacktrace">java.lang.AssertionError: expected [SIGN-ON] but found [SIGN-OFF]
	at com.cybage.alm.pages.LoginPage.signin(LoginPage.java:18)
	at com.cybage.alm.test.TestSuite2.loginTest(TestSuite2.java:22)
... Removed 33 stack frames</div></td></tr></table><p class="totop"><a href="#summary">back to summary</a></p><h3 id="m1">com.cybage.alm.test.TestSuite2#loginTest</h3><table class="result"><tr class="param"><th>Parameter #1</th></tr><tr class="param stripe"><td>com.cybage.alm.data.LoginData@78fb9a67</td></tr><tr><th>Exception</th></tr><tr><td><div class="stacktrace">java.lang.AssertionError: expected [SIGN-ON] but found [SIGN-OFF]
	at com.cybage.alm.pages.LoginPage.signin(LoginPage.java:18)
	at com.cybage.alm.test.TestSuite2.loginTest(TestSuite2.java:22)
... Removed 33 stack frames</div></td></tr></table><p class="totop"><a href="#summary">back to summary</a></p><h3 id="m2">com.cybage.alm.test.TestSuite2#loginTest</h3><table class="result"><tr class="param"><th>Parameter #1</th></tr><tr class="param stripe"><td>com.cybage.alm.data.LoginData@33e01298</td></tr><tr><th>Exception</th></tr><tr><td><div class="stacktrace">java.lang.AssertionError: expected [SIGN-ON] but found [SIGN-OFF]
	at com.cybage.alm.pages.LoginPage.signin(LoginPage.java:18)
	at com.cybage.alm.test.TestSuite2.loginTest(TestSuite2.java:22)
... Removed 33 stack frames</div></td></tr></table><p class="totop"><a href="#summary">back to summary</a></p><h3 id="m3">com.cybage.alm.test.TestSuite2#loginTest</h3><table class="result"><tr class="param"><th>Parameter #1</th></tr><tr class="param stripe"><td>com.cybage.alm.data.LoginData@21aa6d6c</td></tr><tr><th>Exception</th></tr><tr><td><div class="stacktrace">java.lang.AssertionError: expected [SIGN-ON] but found [SIGN-OFF]
	at com.cybage.alm.pages.LoginPage.signin(LoginPage.java:18)
	at com.cybage.alm.test.TestSuite2.loginTest(TestSuite2.java:22)
... Removed 33 stack frames</div></td></tr></table><p class="totop"><a href="#summary">back to summary</a></p><h3 id="m4">com.cybage.alm.test.TestSuite2#loginTest</h3><table class="result"><tr class="param"><th>Parameter #1</th></tr><tr class="param stripe"><td>com.cybage.alm.data.LoginData@a5b0b86</td></tr><tr><th>Exception</th></tr><tr><td><div class="stacktrace">java.lang.AssertionError: expected [SIGN-ON] but found [SIGN-OFF]
	at com.cybage.alm.pages.LoginPage.signin(LoginPage.java:18)
	at com.cybage.alm.test.TestSuite2.loginTest(TestSuite2.java:22)
... Removed 33 stack frames</div></td></tr></table><p class="totop"><a href="#summary">back to summary</a></p><h3 id="m5">com.cybage.alm.test.TestSuite2#loginTest</h3><table class="result"><tr class="param"><th>Parameter #1</th></tr><tr class="param stripe"><td>com.cybage.alm.data.LoginData@6b5894c8</td></tr></table><p class="totop"><a href="#summary">back to summary</a></p><h3 id="m6">com.cybage.alm.test.TestSuite2#loginTest</h3><table class="result"><tr class="param"><th>Parameter #1</th></tr><tr class="param stripe"><td>com.cybage.alm.data.LoginData@54227100</td></tr></table><p class="totop"><a href="#summary">back to summary</a></p><h3 id="m7">com.cybage.alm.test.TestSuite2#loginTest</h3><table class="result"><tr class="param"><th>Parameter #1</th></tr><tr class="param stripe"><td>com.cybage.alm.data.LoginData@1433046b</td></tr></table><p class="totop"><a href="#summary">back to summary</a></p><h3 id="m8">com.cybage.alm.test.TestSuite2#registerTest</h3><table class="result"><tr class="param"><th>Parameter #1</th></tr><tr class="param stripe"><td>com.cybage.alm.data.RegisterData@7829b776</td></tr></table><p class="totop"><a href="#summary">back to summary</a></p><h3 id="m9">com.cybage.alm.test.TestSuite2#registerTest</h3><table class="result"><tr class="param"><th>Parameter #1</th></tr><tr class="param stripe"><td>com.cybage.alm.data.RegisterData@5778826f</td></tr></table><p class="totop"><a href="#summary">back to summary</a></p><h3 id="m10">com.cybage.alm.test.TestSuite2#registerTest</h3><table class="result"><tr class="param"><th>Parameter #1</th></tr><tr class="param stripe"><td>com.cybage.alm.data.RegisterData@3f446bef</td></tr></table><p class="totop"><a href="#summary">back to summary</a></p><h3 id="m11">com.cybage.alm.test.TestSuite2#registerTest</h3><table class="result"><tr class="param"><th>Parameter #1</th></tr><tr class="param stripe"><td>com.cybage.alm.data.RegisterData@5b64c4b7</td></tr></table><p class="totop"><a href="#summary">back to summary</a></p></body></html>